2025-04-24 16:52:46,479 - INFO - [ SERVER API ][ Connecting to database and starting API...]
2025-04-24 16:52:47,314 - ERROR - [KAFKA CONSUMER] Connection error: NoBrokersAvailable
2025-04-24 16:53:13,259 - INFO - [ SERVER API ][ Received analysis request: uuid=uuid-002, link=https://www.facebook.com/user/posts/987654321, model=bert ]
2025-04-24 16:53:13,265 - INFO - [ SERVER API ][ Post found, returning data for model: bert ]
2025-04-24 16:53:13,267 - INFO - [ SERVER API ][ Returning Payload: {'_id': '680a5d9b47e5d5dd07384f27', 'uuid': 'uuid-002', 'post_link': 'https://www.facebook.com/user/posts/987654321', 'model': 'bert'} ]
2025-04-24 16:53:13,397 - INFO - [ KAFKA PRODUCER ][ Sent to topic: to_preprocessing | Key: uuid-002 | Message: {'_id': '680a5d9b47e5d5dd07384f27', 'uuid': 'uuid-002', 'post_link': 'https://www.facebook.com/user/posts/987654321', 'model': 'bert'} ]
2025-04-24 16:53:13,398 - INFO - [KAFKA CONSUMER] New message received. Key: uuid-002 | Value: {'_id': '680a5d9b47e5d5dd07384f27', 'uuid': 'uuid-002', 'post_link': 'https://www.facebook.com/user/posts/987654321', 'model': 'bert'}
2025-04-24 16:53:13,399 - INFO - [ SERVER API ][ Sending comment batch 1 with 10 comments ]
2025-04-24 16:53:13,518 - INFO - [ KAFKA PRODUCER ][ Sent to topic: to_preprocessing | Key: uuid-002 | Message: {'_id': '680a5d9b47e5d5dd07384f27', 'comments': ['Great product launch!', 'Looking forward to trying it.', 'Awesome job!', 'Love this!', "Can't wait!", 'Really interesting update.', 'So excited for this.', 'Well done!', 'Nice one!', 'Keep up the great work!']} ]
2025-04-24 16:53:13,518 - INFO - [KAFKA CONSUMER] New message received. Key: uuid-002 | Value: {'_id': '680a5d9b47e5d5dd07384f27', 'comments': ['Great product launch!', 'Looking forward to trying it.', 'Awesome job!', 'Love this!', "Can't wait!", 'Really interesting update.', 'So excited for this.', 'Well done!', 'Nice one!', 'Keep up the great work!']}
2025-04-24 16:53:13,519 - INFO - [ SERVER API ][ Sending comment batch 2 with 10 comments ]
2025-04-24 16:53:13,638 - INFO - [ KAFKA PRODUCER ][ Sent to topic: to_preprocessing | Key: uuid-002 | Message: {'_id': '680a5d9b47e5d5dd07384f27', 'comments': ['This is fantastic!', 'Just wow!', 'Big fan of your work.', 'Very cool!', 'Congrats on the release!', 'Super useful.', 'Exactly what I needed.', 'Perfect timing!', 'Amazing quality.', 'You guys are the best.']} ]
2025-04-24 16:53:13,639 - INFO - [KAFKA CONSUMER] New message received. Key: uuid-002 | Value: {'_id': '680a5d9b47e5d5dd07384f27', 'comments': ['This is fantastic!', 'Just wow!', 'Big fan of your work.', 'Very cool!', 'Congrats on the release!', 'Super useful.', 'Exactly what I needed.', 'Perfect timing!', 'Amazing quality.', 'You guys are the best.']}
2025-04-24 16:53:13,639 - INFO - [ SERVER API ][ Sending comment batch 3 with 10 comments ]
2025-04-24 16:53:13,758 - INFO - [ KAFKA PRODUCER ][ Sent to topic: to_preprocessing | Key: uuid-002 | Message: {'_id': '680a5d9b47e5d5dd07384f27', 'comments': ['Looks promising!', 'This made my day!', 'Absolutely love it.', 'Game changer!', 'Highly recommended!', 'Very impressive.', 'Five stars!', "Can't believe this is real.", 'Thanks for sharing!', 'Looks clean and professional.']} ]
2025-04-24 16:53:13,758 - INFO - [KAFKA CONSUMER] New message received. Key: uuid-002 | Value: {'_id': '680a5d9b47e5d5dd07384f27', 'comments': ['Looks promising!', 'This made my day!', 'Absolutely love it.', 'Game changer!', 'Highly recommended!', 'Very impressive.', 'Five stars!', "Can't believe this is real.", 'Thanks for sharing!', 'Looks clean and professional.']}
2025-04-24 16:53:13,759 - INFO - [ SERVER API ][ Sending comment batch 4 with 10 comments ]
2025-04-24 16:53:13,878 - INFO - [ KAFKA PRODUCER ][ Sent to topic: to_preprocessing | Key: uuid-002 | Message: {'_id': '680a5d9b47e5d5dd07384f27', 'comments': ['Solid work!', 'Well thought out.', "That's innovative!", 'Your team rocks.', 'Inspirational!', 'Clear and concise.', 'This deserves more attention.', 'Excited to use this.', 'Totally worth the wait.', 'Super intuitive.']} ]
2025-04-24 16:53:13,879 - INFO - [KAFKA CONSUMER] New message received. Key: uuid-002 | Value: {'_id': '680a5d9b47e5d5dd07384f27', 'comments': ['Solid work!', 'Well thought out.', "That's innovative!", 'Your team rocks.', 'Inspirational!', 'Clear and concise.', 'This deserves more attention.', 'Excited to use this.', 'Totally worth the wait.', 'Super intuitive.']}
2025-04-24 16:53:13,880 - INFO - [ SERVER API ][ Sending comment batch 5 with 10 comments ]
2025-04-24 16:53:13,999 - INFO - [ KAFKA PRODUCER ][ Sent to topic: to_preprocessing | Key: uuid-002 | Message: {'_id': '680a5d9b47e5d5dd07384f27', 'comments': ['Beautiful design.', 'Love the UX!', 'Great functionality.', 'Been waiting for this!', 'Incredible!', 'Exactly what the market needs.', 'Much appreciated!', 'Respect!', 'Efficient and simple.', 'Awesome execution.']} ]
2025-04-24 16:53:14,000 - INFO - [KAFKA CONSUMER] New message received. Key: uuid-002 | Value: {'_id': '680a5d9b47e5d5dd07384f27', 'comments': ['Beautiful design.', 'Love the UX!', 'Great functionality.', 'Been waiting for this!', 'Incredible!', 'Exactly what the market needs.', 'Much appreciated!', 'Respect!', 'Efficient and simple.', 'Awesome execution.']}
2025-04-24 16:53:14,001 - INFO - [ SERVER API ][ Sending comment batch 6 with 10 comments ]
2025-04-24 16:53:14,116 - INFO - [ KAFKA PRODUCER ][ Sent to topic: to_preprocessing | Key: uuid-002 | Message: {'_id': '680a5d9b47e5d5dd07384f27', 'comments': ['You nailed it!', 'Please do more like this.', 'Mind-blowing!', 'Very helpful.', 'Made my workflow better.', 'Clean and minimal.', 'Well built.', 'Looks solid.', 'Brilliant!', 'Exciting times ahead!']} ]
2025-04-24 16:53:14,116 - INFO - [KAFKA CONSUMER] New message received. Key: uuid-002 | Value: {'_id': '680a5d9b47e5d5dd07384f27', 'comments': ['You nailed it!', 'Please do more like this.', 'Mind-blowing!', 'Very helpful.', 'Made my workflow better.', 'Clean and minimal.', 'Well built.', 'Looks solid.', 'Brilliant!', 'Exciting times ahead!']}
2025-04-24 16:53:14,118 - INFO - [ SERVER API ][ Sending comment batch 7 with 10 comments ]
2025-04-24 16:53:14,235 - INFO - [ KAFKA PRODUCER ][ Sent to topic: to_preprocessing | Key: uuid-002 | Message: {'_id': '680a5d9b47e5d5dd07384f27', 'comments': ['Totally underrated.', 'Would recommend to anyone.', 'Already using it.', 'Tested and loved it.', 'Great experience so far.', 'Smooth and fast.', 'Saves me so much time.', 'This solves my problem!', 'Legendary!', 'Top-notch!']} ]
2025-04-24 16:53:14,236 - INFO - [KAFKA CONSUMER] New message received. Key: uuid-002 | Value: {'_id': '680a5d9b47e5d5dd07384f27', 'comments': ['Totally underrated.', 'Would recommend to anyone.', 'Already using it.', 'Tested and loved it.', 'Great experience so far.', 'Smooth and fast.', 'Saves me so much time.', 'This solves my problem!', 'Legendary!', 'Top-notch!']}
2025-04-24 16:53:14,236 - INFO - [ SERVER API ][ Sending comment batch 8 with 10 comments ]
2025-04-24 16:53:14,356 - INFO - [ KAFKA PRODUCER ][ Sent to topic: to_preprocessing | Key: uuid-002 | Message: {'_id': '680a5d9b47e5d5dd07384f27', 'comments': ['Incredible performance.', 'Reliable tool.', 'Finally something useful.', 'This is gold.', 'Appreciate the effort!', 'Definitely needed.', 'Big upgrade.', 'Effortlessly smart.', "You're ahead of the game.", 'This is the future!']} ]
2025-04-24 16:53:14,356 - INFO - [KAFKA CONSUMER] New message received. Key: uuid-002 | Value: {'_id': '680a5d9b47e5d5dd07384f27', 'comments': ['Incredible performance.', 'Reliable tool.', 'Finally something useful.', 'This is gold.', 'Appreciate the effort!', 'Definitely needed.', 'Big upgrade.', 'Effortlessly smart.', "You're ahead of the game.", 'This is the future!']}
2025-04-24 16:53:14,358 - INFO - [ SERVER API ][ Sending comment batch 9 with 10 comments ]
2025-04-24 16:53:14,478 - INFO - [ KAFKA PRODUCER ][ Sent to topic: to_preprocessing | Key: uuid-002 | Message: {'_id': '680a5d9b47e5d5dd07384f27', 'comments': ['How did we live without this?', 'Major respect.', 'User-friendly to the max.', 'Even better than expected.', 'Huge improvement!', 'Next level stuff.', 'Slick UI.', 'Smooth transition.', 'Tons of potential.', 'Real value here.']} ]
2025-04-24 16:53:14,479 - INFO - [KAFKA CONSUMER] New message received. Key: uuid-002 | Value: {'_id': '680a5d9b47e5d5dd07384f27', 'comments': ['How did we live without this?', 'Major respect.', 'User-friendly to the max.', 'Even better than expected.', 'Huge improvement!', 'Next level stuff.', 'Slick UI.', 'Smooth transition.', 'Tons of potential.', 'Real value here.']}
2025-04-24 16:53:14,480 - INFO - [ SERVER API ][ Sending comment batch 10 with 10 comments ]
2025-04-24 16:53:14,599 - INFO - [ KAFKA PRODUCER ][ Sent to topic: to_preprocessing | Key: uuid-002 | Message: {'_id': '680a5d9b47e5d5dd07384f27', 'comments': ['Already seeing results.', 'Quality all the way.', 'Powerful and elegant.', 'No-brainer!', 'Thoughtfully designed.', 'Great energy!', 'The attention to detail!', 'Feels premium.', 'Exactly how it should be.', 'Hats off!']} ]
2025-04-24 16:53:14,601 - INFO - [ SERVER API ][ Sending comment batch 11 with 10 comments ]
2025-04-24 16:53:14,601 - INFO - [KAFKA CONSUMER] New message received. Key: uuid-002 | Value: {'_id': '680a5d9b47e5d5dd07384f27', 'comments': ['Already seeing results.', 'Quality all the way.', 'Powerful and elegant.', 'No-brainer!', 'Thoughtfully designed.', 'Great energy!', 'The attention to detail!', 'Feels premium.', 'Exactly how it should be.', 'Hats off!']}
2025-04-24 16:53:14,723 - INFO - [ KAFKA PRODUCER ][ Sent to topic: to_preprocessing | Key: uuid-002 | Message: {'_id': '680a5d9b47e5d5dd07384f27', 'comments': ['Brought a smile!', 'Product of the year!', 'Really well done.', 'I’m impressed.', 'Well-executed concept.', '10/10!', 'Refined and polished.', 'Insanely helpful.', 'The future is here.', 'Really appreciate this.']} ]
2025-04-24 16:53:14,724 - INFO - [KAFKA CONSUMER] New message received. Key: uuid-002 | Value: {'_id': '680a5d9b47e5d5dd07384f27', 'comments': ['Brought a smile!', 'Product of the year!', 'Really well done.', 'I’m impressed.', 'Well-executed concept.', '10/10!', 'Refined and polished.', 'Insanely helpful.', 'The future is here.', 'Really appreciate this.']}
2025-04-24 16:53:14,725 - INFO - [ SERVER API ][ Sending comment batch 12 with 10 comments ]
2025-04-24 16:53:14,845 - INFO - [ KAFKA PRODUCER ][ Sent to topic: to_preprocessing | Key: uuid-002 | Message: {'_id': '680a5d9b47e5d5dd07384f27', 'comments': ['Everything I hoped for.', 'So satisfying.', 'Pure genius.', 'Massive respect!', 'Couldn’t ask for more.', 'Elegant solution.', 'You’ve done it again!', 'Your best work yet!', 'Beyond expectations.', 'Works like a charm.']} ]
2025-04-24 16:53:14,846 - INFO - [KAFKA CONSUMER] New message received. Key: uuid-002 | Value: {'_id': '680a5d9b47e5d5dd07384f27', 'comments': ['Everything I hoped for.', 'So satisfying.', 'Pure genius.', 'Massive respect!', 'Couldn’t ask for more.', 'Elegant solution.', 'You’ve done it again!', 'Your best work yet!', 'Beyond expectations.', 'Works like a charm.']}
2025-04-24 16:53:14,847 - INFO - [ SERVER API ][ Sending comment batch 13 with 10 comments ]
2025-04-24 16:53:14,970 - INFO - [ KAFKA PRODUCER ][ Sent to topic: to_preprocessing | Key: uuid-002 | Message: {'_id': '680a5d9b47e5d5dd07384f27', 'comments': ['Absolutely essential.', 'Just perfect.', 'Seriously impressive.', 'Love how this turned out.', 'Such a delight.', 'On point.', 'More like this, please!', 'Will be using this often.', 'This is everything!', 'Very elegant approach.']} ]
2025-04-24 16:53:14,971 - INFO - [KAFKA CONSUMER] New message received. Key: uuid-002 | Value: {'_id': '680a5d9b47e5d5dd07384f27', 'comments': ['Absolutely essential.', 'Just perfect.', 'Seriously impressive.', 'Love how this turned out.', 'Such a delight.', 'On point.', 'More like this, please!', 'Will be using this often.', 'This is everything!', 'Very elegant approach.']}
2025-04-24 16:53:14,972 - INFO - [ SERVER API ][ Sending comment batch 14 with 10 comments ]
2025-04-24 16:53:15,088 - INFO - [ KAFKA PRODUCER ][ Sent to topic: to_preprocessing | Key: uuid-002 | Message: {'_id': '680a5d9b47e5d5dd07384f27', 'comments': ['Looks super clean.', 'Yes! Finally!', 'So glad I found this.', 'Simply beautiful.', 'Takes it to the next level.', 'Absolutely brilliant.', 'This just works.', 'Love the simplicity.', 'Thumbs up!', 'Thank you for making this.']} ]
2025-04-24 16:53:15,089 - INFO - [KAFKA CONSUMER] New message received. Key: uuid-002 | Value: {'_id': '680a5d9b47e5d5dd07384f27', 'comments': ['Looks super clean.', 'Yes! Finally!', 'So glad I found this.', 'Simply beautiful.', 'Takes it to the next level.', 'Absolutely brilliant.', 'This just works.', 'Love the simplicity.', 'Thumbs up!', 'Thank you for making this.']}
2025-04-24 16:53:15,090 - INFO - [ SERVER API ][ Sending comment batch 15 with 10 comments ]
2025-04-24 16:53:15,210 - INFO - [ KAFKA PRODUCER ][ Sent to topic: to_preprocessing | Key: uuid-002 | Message: {'_id': '680a5d9b47e5d5dd07384f27', 'comments': ['Much needed update.', 'Fantastic approach.', 'Real craftsmanship.', 'It just makes sense.', 'Professional execution.', 'Beautifully done.', 'Loved the rollout.', 'A breath of fresh air.', 'Just what I needed today.', 'Great communication.']} ]
2025-04-24 16:53:15,211 - INFO - [KAFKA CONSUMER] New message received. Key: uuid-002 | Value: {'_id': '680a5d9b47e5d5dd07384f27', 'comments': ['Much needed update.', 'Fantastic approach.', 'Real craftsmanship.', 'It just makes sense.', 'Professional execution.', 'Beautifully done.', 'Loved the rollout.', 'A breath of fresh air.', 'Just what I needed today.', 'Great communication.']}
2025-04-24 16:53:15,211 - INFO - [ SERVER API ][ Sending comment batch 16 with 5 comments ]
2025-04-24 16:53:15,332 - INFO - [ KAFKA PRODUCER ][ Sent to topic: to_preprocessing | Key: uuid-002 | Message: {'_id': '680a5d9b47e5d5dd07384f27', 'comments': ['Very responsive devs.', 'Spot on!', 'Really useful insights.', 'Incredible progress.', 'Clear improvements.']} ]
2025-04-24 16:53:15,332 - INFO - [KAFKA CONSUMER] New message received. Key: uuid-002 | Value: {'_id': '680a5d9b47e5d5dd07384f27', 'comments': ['Very responsive devs.', 'Spot on!', 'Really useful insights.', 'Incredible progress.', 'Clear improvements.']}
